0 info it worked if it ends with ok
1 verbose cli [ '/usr/local/bin/node', '/usr/local/bin/npm', 'publish', '.' ]
2 info using npm@3.10.3
3 info using node@v6.4.0
4 verbose publish [ '.' ]
5 silly cache add args [ '.', null ]
6 verbose cache add spec .
7 silly cache add parsed spec Result {
7 silly cache add   raw: '.',
7 silly cache add   scope: null,
7 silly cache add   escapedName: null,
7 silly cache add   name: null,
7 silly cache add   rawSpec: '.',
7 silly cache add   spec: '/Users/zhentaoo/Code/horadric',
7 silly cache add   type: 'directory' }
8 verbose addLocalDirectory /Users/zhentaoo/.npm/horadric/1.0.0/package.tgz not in flight; packing
9 verbose correctMkdir /Users/zhentaoo/.npm correctMkdir not in flight; initializing
10 info lifecycle horadric@1.0.0~prepublish: horadric@1.0.0
11 silly lifecycle horadric@1.0.0~prepublish: no script for prepublish, continuing
12 verbose tar pack [ '/Users/zhentaoo/.npm/horadric/1.0.0/package.tgz',
12 verbose tar pack   '/Users/zhentaoo/Code/horadric' ]
13 verbose tarball /Users/zhentaoo/.npm/horadric/1.0.0/package.tgz
14 verbose folder /Users/zhentaoo/Code/horadric
15 verbose addLocalTarball adding from inside cache /Users/zhentaoo/.npm/horadric/1.0.0/package.tgz
16 verbose correctMkdir /Users/zhentaoo/.npm correctMkdir not in flight; initializing
17 silly cache afterAdd horadric@1.0.0
18 verbose afterAdd /Users/zhentaoo/.npm/horadric/1.0.0/package/package.json not in flight; writing
19 verbose correctMkdir /Users/zhentaoo/.npm correctMkdir not in flight; initializing
20 verbose afterAdd /Users/zhentaoo/.npm/horadric/1.0.0/package/package.json written
21 silly publish { name: 'horadric',
21 silly publish   version: '1.0.0',
21 silly publish   description: 'NodeJS脚手架工具，可以新建各种reactjs vuejs 项目seed 一个集成命令行工具，如果有其他实用的命令功能也会陆续加入',
21 silly publish   main: 'index.js',
21 silly publish   preferGlobal: 'true',
21 silly publish   bin: { hc: 'bin/hc' },
21 silly publish   scripts:
21 silly publish    { start: 'npm publish .',
21 silly publish      test: 'echo "Error: no test specified" && exit 1' },
21 silly publish   repository:
21 silly publish    { type: 'git',
21 silly publish      url: 'git+https://github.com/zhentaoo/horadric.git' },
21 silly publish   keywords: [ 'commander', 'vuejs', 'node' ],
21 silly publish   author: { name: 'zhentaoo' },
21 silly publish   license: 'ISC',
21 silly publish   dependencies: { colors: '^1.1.2', commander: '^2.9.0', ejs: '^2.5.2' },
21 silly publish   readme: '### horadric (赫拉迪克，命名自暗黑中的史诗级道具)\nNodeJS脚手架工具，可以新建各种reactjs vuejs 项目seed\n一个集成命令行工具，如果有其他实用的命令功能也会陆续加入\n\n#### Installation\n`npm install horadric -g`\n\n#### Feature\n- hc -h\n- hc vue projectName (create vuejs project from https://github.com/zhentaoo/vue-seed)\n- hc react projectName (create react project from https://github.com/zhentaoo/react-seed)\n\n#### Example\n - npm全局安装: `npm install -g horadirc`\n - 进入你的工作目录，创建一个project: `hc vue vue-seed` (hc是horadirc提供的命令)\n - 安装依赖: `npm install`(有些模块可能需要较高的权限)\n - 运行项目 `npm start`\n\n#### update logs\n- v1.0.0 可以创建vuejs reactjs seed\n- v0.0.0 脚手架，项目搭建\n',
21 silly publish   readmeFilename: 'README.md',
21 silly publish   gitHead: 'b501e0e745bff7960a9c30aa7b4bd36fe452e122',
21 silly publish   bugs: { url: 'https://github.com/zhentaoo/horadric/issues' },
21 silly publish   homepage: 'https://github.com/zhentaoo/horadric#readme',
21 silly publish   _id: 'horadric@1.0.0',
21 silly publish   _shasum: 'b63a6179f138e172884fe554eb4b37b25bb501e8',
21 silly publish   _from: '.' }
22 verbose getPublishConfig undefined
23 silly mapToRegistry name horadric
24 silly mapToRegistry using default registry
25 silly mapToRegistry registry https://registry.npmjs.org/
26 silly mapToRegistry data Result {
26 silly mapToRegistry   raw: 'horadric',
26 silly mapToRegistry   scope: null,
26 silly mapToRegistry   escapedName: 'horadric',
26 silly mapToRegistry   name: 'horadric',
26 silly mapToRegistry   rawSpec: '',
26 silly mapToRegistry   spec: 'latest',
26 silly mapToRegistry   type: 'tag' }
27 silly mapToRegistry uri https://registry.npmjs.org/horadric
28 verbose publish registryBase https://registry.npmjs.org/
29 silly publish uploading /Users/zhentaoo/.npm/horadric/1.0.0/package.tgz
30 verbose request uri https://registry.npmjs.org/horadric
31 verbose request sending authorization for write operation
32 info attempt registry request try #1 at 3:39:00 PM
33 verbose request using bearer token for auth
34 verbose request id ccfa633a1fa6beea
35 http request PUT https://registry.npmjs.org/horadric
36 http 403 https://registry.npmjs.org/horadric
37 verbose headers { 'content-type': 'application/json',
37 verbose headers   'cache-control': 'max-age=300',
37 verbose headers   'content-length': '95',
37 verbose headers   'accept-ranges': 'bytes',
37 verbose headers   date: 'Sat, 01 Apr 2017 07:39:02 GMT',
37 verbose headers   via: '1.1 varnish',
37 verbose headers   connection: 'keep-alive',
37 verbose headers   'x-served-by': 'cache-hkg6825-HKG',
37 verbose headers   'x-cache': 'MISS',
37 verbose headers   'x-cache-hits': '0',
37 verbose headers   'x-timer': 'S1491032340.490221,VS0,VE1821',
37 verbose headers   vary: 'Accept-Encoding' }
38 verbose request invalidating /Users/zhentaoo/.npm/registry.npmjs.org/horadric on PUT
39 error publish Failed PUT 403
40 verbose stack Error: "You cannot publish over the previously published version 1.0.0." : horadric
40 verbose stack     at makeError (/usr/local/lib/node_modules/npm/node_modules/npm-registry-client/lib/request.js:264:12)
40 verbose stack     at CachingRegistryClient.<anonymous> (/usr/local/lib/node_modules/npm/node_modules/npm-registry-client/lib/request.js:252:14)
40 verbose stack     at Request._callback (/usr/local/lib/node_modules/npm/node_modules/npm-registry-client/lib/request.js:172:14)
40 verbose stack     at Request.self.callback (/usr/local/lib/node_modules/npm/node_modules/request/request.js:200:22)
40 verbose stack     at emitTwo (events.js:106:13)
40 verbose stack     at Request.emit (events.js:191:7)
40 verbose stack     at Request.<anonymous> (/usr/local/lib/node_modules/npm/node_modules/request/request.js:1067:10)
40 verbose stack     at emitOne (events.js:101:20)
40 verbose stack     at Request.emit (events.js:188:7)
40 verbose stack     at IncomingMessage.<anonymous> (/usr/local/lib/node_modules/npm/node_modules/request/request.js:988:12)
41 verbose statusCode 403
42 verbose pkgid horadric
43 verbose cwd /Users/zhentaoo/Code/horadric
44 error Darwin 15.0.0
45 error argv "/usr/local/bin/node" "/usr/local/bin/npm" "publish" "."
46 error node v6.4.0
47 error npm  v3.10.3
48 error code E403
49 error "You cannot publish over the previously published version 1.0.0." : horadric
50 error If you need help, you may report this error at:
50 error     <https://github.com/npm/npm/issues>
51 verbose exit [ 1, true ]
